app/build/intermediates/manifest_merge_blame_file/debug/processDebugMainManifest/manifest-merger-blame-debug-report.txt
1<?xml version="1.0" encoding="utf-8"?>
2<manifest xmlns:android="http://schemas.android.com/apk/res/android"
3    package="com.pawmap.app"
4    android:versionCode="1"
5    android:versionName="1.0" >
6
7    <uses-sdk
8        android:minSdkVersion="24"
9        android:targetSdkVersion="36" />
10
11    <uses-permission android:name="android.permission.INTERNET" />
11-->src/main/AndroidManifest.xml:5:5-67
11-->src/main/AndroidManifest.xml:5:22-64
12    <uses-permission android:name="android.permission.ACCESS_COARSE_LOCATION" />
12-->src/main/AndroidManifest.xml:6:5-81
12-->src/main/AndroidManifest.xml:6:22-78
13    <uses-permission android:name="android.permission.ACCESS_FINE_LOCATION" />
13-->src/main/AndroidManifest.xml:7:5-79
13-->src/main/AndroidManifest.xml:7:22-76
14
15    <uses-feature
15-->[com.naver.maps:map-sdk:3.23.3] AndroidManifest.xml:7:5-9:35
16        android:glEsVersion="0x00020000"
16-->[com.naver.maps:map-sdk:3.23.3] AndroidManifest.xml:8:9-41
17        android:required="true" />
17-->[com.naver.maps:map-sdk:3.23.3] AndroidManifest.xml:9:9-32
18    <uses-feature
18-->[com.naver.maps:map-sdk:3.23.3] AndroidManifest.xml:10:5-12:36
19        android:name="android.hardware.wifi"
19-->[com.naver.maps:map-sdk:3.23.3] AndroidManifest.xml:11:9-45
20        android:required="false" />
20-->[com.naver.maps:map-sdk:3.23.3] AndroidManifest.xml:12:9-33
21
22    <uses-permission android:name="android.permission.ACCESS_NETWORK_STATE" />
22-->[com.naver.maps:map-sdk:3.23.3] AndroidManifest.xml:15:5-79
22-->[com.naver.maps:map-sdk:3.23.3] AndroidManifest.xml:15:22-76
23    <uses-permission android:name="android.permission.ACCESS_WIFI_STATE" />
23-->[com.naver.maps:map-sdk:3.23.3] AndroidManifest.xml:16:5-76
23-->[com.naver.maps:map-sdk:3.23.3] AndroidManifest.xml:16:22-73
24
25    <permission
25-->[androidx.core:core:1.13.1] AndroidManifest.xml:22:5-24:47
26        android:name="com.pawmap.app.DYNAMIC_RECEIVER_NOT_EXPORTED_PERMISSION"
26-->[androidx.core:core:1.13.1] AndroidManifest.xml:23:9-81
27        android:protectionLevel="signature" />
27-->[androidx.core:core:1.13.1] AndroidManifest.xml:24:9-44
28
29    <uses-permission android:name="com.pawmap.app.DYNAMIC_RECEIVER_NOT_EXPORTED_PERMISSION" />
29-->[androidx.core:core:1.13.1] AndroidManifest.xml:26:5-97
29-->[androidx.core:core:1.13.1] AndroidManifest.xml:26:22-94
30
31    <application
31-->src/main/AndroidManifest.xml:9:5-34:19
32        android:allowBackup="true"
32-->src/main/AndroidManifest.xml:10:9-35
33        android:appComponentFactory="androidx.core.app.CoreComponentFactory"
33-->[androidx.core:core:1.13.1] AndroidManifest.xml:28:18-86
34        android:dataExtractionRules="@xml/data_extraction_rules"
34-->src/main/AndroidManifest.xml:11:9-65
35        android:debuggable="true"
36        android:extractNativeLibs="false"
37        android:fullBackupContent="@xml/backup_rules"
37-->src/main/AndroidManifest.xml:12:9-54
38        android:icon="@mipmap/ic_launcher"
38-->src/main/AndroidManifest.xml:13:9-43
39        android:label="@string/app_name"
39-->src/main/AndroidManifest.xml:14:9-41
40        android:roundIcon="@mipmap/ic_launcher_round"
40-->src/main/AndroidManifest.xml:15:9-54
41        android:supportsRtl="true"
41-->src/main/AndroidManifest.xml:16:9-35
42        android:testOnly="true"
43        android:theme="@style/Theme.PawMap" >
43-->src/main/AndroidManifest.xml:17:9-44
44
45        <!-- Naver Map SDK auth key (value comes from local.properties: NAVER_MAP_CLIENT_ID) -->
46        <meta-data
47            android:name="com.naver.maps.map.NCP_KEY_ID"
47-->src/main/AndroidManifest.xml:22:13-57
48            android:value="ja7bvfxsf4" />
48-->src/main/AndroidManifest.xml:23:13-48
49
50        <activity
50-->src/main/AndroidManifest.xml:25:9-33:20
51            android:name="com.pawmap.app.MainActivity"
51-->src/main/AndroidManifest.xml:26:13-41
52            android:exported="true"
52-->src/main/AndroidManifest.xml:27:13-36
53            android:theme="@style/Theme.PawMap" >
53-->src/main/AndroidManifest.xml:28:13-48
54            <intent-filter>
54-->src/main/AndroidManifest.xml:29:13-32:29
55                <action android:name="android.intent.action.MAIN" />
55-->src/main/AndroidManifest.xml:30:17-69
55-->src/main/AndroidManifest.xml:30:25-66
56
57                <category android:name="android.intent.category.LAUNCHER" />
57-->src/main/AndroidManifest.xml:31:17-77
57-->src/main/AndroidManifest.xml:31:27-74
58            </intent-filter>
59        </activity>
60        <activity
60-->[com.naver.maps:map-sdk:3.23.3] AndroidManifest.xml:19:9-23:51
61            android:name="com.naver.maps.map.app.LegendActivity"
61-->[com.naver.maps:map-sdk:3.23.3] AndroidManifest.xml:20:13-65
62            android:configChanges="screenSize|smallestScreenSize|screenLayout|orientation"
62-->[com.naver.maps:map-sdk:3.23.3] AndroidManifest.xml:21:13-91
63            android:label="@string/navermap_legend"
63-->[com.naver.maps:map-sdk:3.23.3] AndroidManifest.xml:22:13-52
64            android:theme="@style/navermap_app" />
64-->[com.naver.maps:map-sdk:3.23.3] AndroidManifest.xml:23:13-48
65        <activity
65-->[com.naver.maps:map-sdk:3.23.3] AndroidManifest.xml:24:9-28:51
66            android:name="com.naver.maps.map.app.LegalNoticeActivity"
66-->[com.naver.maps:map-sdk:3.23.3] AndroidManifest.xml:25:13-70
67            android:configChanges="screenSize|smallestScreenSize|screenLayout|orientation"
67-->[com.naver.maps:map-sdk:3.23.3] AndroidManifest.xml:26:13-91
68            android:label="@string/navermap_legal_notice"
68-->[com.naver.maps:map-sdk:3.23.3] AndroidManifest.xml:27:13-58
69            android:theme="@style/navermap_app" />
69-->[com.naver.maps:map-sdk:3.23.3] AndroidManifest.xml:28:13-48
70        <activity
70-->[com.naver.maps:map-sdk:3.23.3] AndroidManifest.xml:29:9-33:51
71            android:name="com.naver.maps.map.app.OpenSourceLicenseActivity"
71-->[com.naver.maps:map-sdk:3.23.3] AndroidManifest.xml:30:13-76
72            android:configChanges="screenSize|smallestScreenSize|screenLayout|orientation"
72-->[com.naver.maps:map-sdk:3.23.3] AndroidManifest.xml:31:13-91
73            android:label="@string/navermap_open_source_license"
73-->[com.naver.maps:map-sdk:3.23.3] AndroidManifest.xml:32:13-65
74            android:theme="@style/navermap_app" />
74-->[com.naver.maps:map-sdk:3.23.3] AndroidManifest.xml:33:13-48
75        <activity
75-->[com.google.android.gms:play-services-base:18.5.0] AndroidManifest.xml:5:9-173
76            android:name="com.google.android.gms.common.api.GoogleApiActivity"
76-->[com.google.android.gms:play-services-base:18.5.0] AndroidManifest.xml:5:19-85
77            android:exported="false"
77-->[com.google.android.gms:play-services-base:18.5.0] AndroidManifest.xml:5:146-170
78            android:theme="@android:style/Theme.Translucent.NoTitleBar" />
78-->[com.google.android.gms:play-services-base:18.5.0] AndroidManifest.xml:5:86-145
79
80        <meta-data
80-->[com.google.android.gms:play-services-basement:18.4.0] AndroidManifest.xml:6:9-122
81            android:name="com.google.android.gms.version"
81-->[com.google.android.gms:play-services-basement:18.4.0] AndroidManifest.xml:6:20-65
82            android:value="@integer/google_play_services_version" />
82-->[com.google.android.gms:play-services-basement:18.4.0] AndroidManifest.xml:6:66-119
83
84        <provider
84-->[androidx.emoji2:emoji2:1.3.0] AndroidManifest.xml:24:9-32:20
85            android:name="androidx.startup.InitializationProvider"
85-->[androidx.emoji2:emoji2:1.3.0] AndroidManifest.xml:25:13-67
86            android:authorities="com.pawmap.app.androidx-startup"
86-->[androidx.emoji2:emoji2:1.3.0] AndroidManifest.xml:26:13-68
87            android:exported="false" >
87-->[androidx.emoji2:emoji2:1.3.0] AndroidManifest.xml:27:13-37
88            <meta-data
88-->[androidx.emoji2:emoji2:1.3.0] AndroidManifest.xml:29:13-31:52
89                android:name="androidx.emoji2.text.EmojiCompatInitializer"
89-->[androidx.emoji2:emoji2:1.3.0] AndroidManifest.xml:30:17-75
90                android:value="androidx.startup" />
90-->[androidx.emoji2:emoji2:1.3.0] AndroidManifest.xml:31:17-49
91            <meta-data
91-->[androidx.lifecycle:lifecycle-process:2.8.7] AndroidManifest.xml:29:13-31:52
92                android:name="androidx.lifecycle.ProcessLifecycleInitializer"
92-->[androidx.lifecycle:lifecycle-process:2.8.7] AndroidManifest.xml:30:17-78
93                android:value="androidx.startup" />
93-->[androidx.lifecycle:lifecycle-process:2.8.7] AndroidManifest.xml:31:17-49
94            <meta-data
94-->[androidx.profileinstaller:profileinstaller:1.3.1] AndroidManifest.xml:29:13-31:52
95                android:name="androidx.profileinstaller.ProfileInstallerInitializer"
95-->[androidx.profileinstaller:profileinstaller:1.3.1] AndroidManifest.xml:30:17-85
96                android:value="androidx.startup" />
96-->[androidx.profileinstaller:profileinstaller:1.3.1] AndroidManifest.xml:31:17-49
97        </provider>
98
99        <uses-library
99-->[androidx.window:window:1.0.0] AndroidManifest.xml:25:9-27:40
100            android:name="androidx.window.extensions"
100-->[androidx.window:window:1.0.0] AndroidManifest.xml:26:13-54
101            android:required="false" />
101-->[androidx.window:window:1.0.0] AndroidManifest.xml:27:13-37
102        <uses-library
102-->[androidx.window:window:1.0.0] AndroidManifest.xml:28:9-30:40
103            android:name="androidx.window.sidecar"
103-->[androidx.window:window:1.0.0] AndroidManifest.xml:29:13-51
104            android:required="false" />
104-->[androidx.window:window:1.0.0] AndroidManifest.xml:30:13-37
105
106        <service
106-->[androidx.room:room-runtime:2.6.1] AndroidManifest.xml:24:9-28:63
107            android:name="androidx.room.MultiInstanceInvalidationService"
107-->[androidx.room:room-runtime:2.6.1] AndroidManifest.xml:25:13-74
108            android:directBootAware="true"
108-->[androidx.room:room-runtime:2.6.1] AndroidManifest.xml:26:13-43
109            android:exported="false" />
109-->[androidx.room:room-runtime:2.6.1] AndroidManifest.xml:27:13-37
110
111        <receiver
111-->[androidx.profileinstaller:profileinstaller:1.3.1] AndroidManifest.xml:34:9-52:20
112            android:name="androidx.profileinstaller.ProfileInstallReceiver"
112-->[androidx.profileinstaller:profileinstaller:1.3.1] AndroidManifest.xml:35:13-76
113            android:directBootAware="false"
113-->[androidx.profileinstaller:profileinstaller:1.3.1] AndroidManifest.xml:36:13-44
114            android:enabled="true"
114-->[androidx.profileinstaller:profileinstaller:1.3.1] AndroidManifest.xml:37:13-35
115            android:exported="true"
115-->[androidx.profileinstaller:profileinstaller:1.3.1] AndroidManifest.xml:38:13-36
116            android:permission="android.permission.DUMP" >
116-->[androidx.profileinstaller:profileinstaller:1.3.1] AndroidManifest.xml:39:13-57
117            <intent-filter>
117-->[androidx.profileinstaller:profileinstaller:1.3.1] AndroidManifest.xml:40:13-42:29
118                <action android:name="androidx.profileinstaller.action.INSTALL_PROFILE" />
118-->[androidx.profileinstaller:profileinstaller:1.3.1] AndroidManifest.xml:41:17-91
118-->[androidx.profileinstaller:profileinstaller:1.3.1] AndroidManifest.xml:41:25-88
119            </intent-filter>
120            <intent-filter>
120-->[androidx.profileinstaller:profileinstaller:1.3.1] AndroidManifest.xml:43:13-45:29
121                <action android:name="androidx.profileinstaller.action.SKIP_FILE" />
121-->[androidx.profileinstaller:profileinstaller:1.3.1] AndroidManifest.xml:44:17-85
121-->[androidx.profileinstaller:profileinstaller:1.3.1] AndroidManifest.xml:44:25-82
122            </intent-filter>
123            <intent-filter>
123-->[androidx.profileinstaller:profileinstaller:1.3.1] AndroidManifest.xml:46:13-48:29
124                <action android:name="androidx.profileinstaller.action.SAVE_PROFILE" />
124-->[androidx.profileinstaller:profileinstaller:1.3.1] AndroidManifest.xml:47:17-88
124-->[androidx.profileinstaller:profileinstaller:1.3.1] AndroidManifest.xml:47:25-85
125            </intent-filter>
126            <intent-filter>
126-->[androidx.profileinstaller:profileinstaller:1.3.1] AndroidManifest.xml:49:13-51:29
127                <action android:name="androidx.profileinstaller.action.BENCHMARK_OPERATION" />
127-->[androidx.profileinstaller:profileinstaller:1.3.1] AndroidManifest.xml:50:17-95
127-->[androidx.profileinstaller:profileinstaller:1.3.1] AndroidManifest.xml:50:25-92
128            </intent-filter>
129        </receiver>
130    </application>
131
132</manifest>